<?xml version="1.0" encoding="UTF-8"?>
<testsuite name="edu.usersystem.UserSystemApplicationTests" tests="1" skipped="0" failures="0" errors="0" timestamp="2023-03-31T23:38:00" hostname="joaopmac.local" time="0.107">
  <properties/>
  <testcase name="contextLoads()" classname="edu.usersystem.UserSystemApplicationTests" time="0.107"/>
  <system-out><![CDATA[20:37:58.904 [Test worker] DEBUG org.springframework.boot.test.context.SpringBootTestContextBootstrapper -- Neither @ContextConfiguration nor @ContextHierarchy found for test class [UserSystemApplicationTests]: using SpringBootContextLoader
20:37:58.907 [Test worker] DEBUG org.springframework.test.context.support.AbstractContextLoader -- Could not detect default resource locations for test class [edu.usersystem.UserSystemApplicationTests]: no resource found for suffixes {-context.xml, Context.groovy}.
20:37:58.907 [Test worker] INFO org.springframework.test.context.support.AnnotationConfigContextLoaderUtils -- Could not detect default configuration classes for test class [edu.usersystem.UserSystemApplicationTests]: UserSystemApplicationTests does not declare any static, non-private, non-final, nested classes annotated with @Configuration.
20:37:58.914 [Test worker] DEBUG org.springframework.boot.test.context.SpringBootTestContextBootstrapper -- Using ContextCustomizers for test class [UserSystemApplicationTests]: [DisableObservabilityContextCustomizer, PropertyMappingContextCustomizer, Customizer, ExcludeFilterContextCustomizer, DuplicateJsonObjectContextCustomizer, MockitoContextCustomizer, TestRestTemplateContextCustomizer]
20:37:58.939 [Test worker] DEBUG org.springframework.context.annotation.ClassPathScanningCandidateComponentProvider -- Identified candidate component class: file [/Users/joaopedrodearaujo/Downloads/user-system/build/classes/java/main/edu/usersystem/UserSystemApplication.class]
20:37:58.940 [Test worker] INFO org.springframework.boot.test.context.SpringBootTestContextBootstrapper -- Found @SpringBootConfiguration edu.usersystem.UserSystemApplication for test class edu.usersystem.UserSystemApplicationTests
20:37:58.971 [Test worker] DEBUG org.springframework.boot.test.context.SpringBootTestContextBootstrapper -- Using TestExecutionListeners for test class [UserSystemApplicationTests]: [ServletTestExecutionListener, DirtiesContextBeforeModesTestExecutionListener, ApplicationEventsTestExecutionListener, MockitoTestExecutionListener, DependencyInjectionTestExecutionListener, DirtiesContextTestExecutionListener, TransactionalTestExecutionListener, SqlScriptsTestExecutionListener, EventPublishingTestExecutionListener, RestDocsTestExecutionListener, MockRestServiceServerResetTestExecutionListener, MockMvcPrintOnlyOnFailureTestExecutionListener, WebDriverTestExecutionListener, MockWebServiceServerTestExecutionListener, ResetMocksTestExecutionListener]
20:37:58.971 [Test worker] DEBUG org.springframework.test.context.support.AbstractDirtiesContextTestExecutionListener -- Before test class: class [UserSystemApplicationTests], class annotated with @DirtiesContext [false] with mode [null]

  .   ____          _            __ _ _
 /\\ / ___'_ __ _ _(_)_ __  __ _ \ \ \ \
( ( )\___ | '_ | '_| | '_ \/ _` | \ \ \ \
 \\/  ___)| |_)| | | | | || (_| |  ) ) ) )
  '  |____| .__|_| |_|_| |_\__, | / / / /
 =========|_|==============|___/=/_/_/_/
 :: Spring Boot ::                (v3.0.5)

2023-03-31T20:37:59.059-03:00  INFO 59841 --- [    Test worker] e.usersystem.UserSystemApplicationTests  : Starting UserSystemApplicationTests using Java 19.0.2 with PID 59841 (started by joaopedrodearaujo in /Users/joaopedrodearaujo/Downloads/user-system)
2023-03-31T20:37:59.060-03:00  INFO 59841 --- [    Test worker] e.usersystem.UserSystemApplicationTests  : No active profile set, falling back to 1 default profile: "default"
2023-03-31T20:37:59.248-03:00  INFO 59841 --- [    Test worker] .s.d.r.c.RepositoryConfigurationDelegate : Bootstrapping Spring Data JPA repositories in DEFAULT mode.
2023-03-31T20:37:59.254-03:00  INFO 59841 --- [    Test worker] .s.d.r.c.RepositoryConfigurationDelegate : Finished Spring Data repository scanning in 4 ms. Found 0 JPA repository interfaces.
2023-03-31T20:37:59.381-03:00  INFO 59841 --- [    Test worker] com.zaxxer.hikari.HikariDataSource       : HikariPool-1 - Starting...
2023-03-31T20:37:59.452-03:00  INFO 59841 --- [    Test worker] com.zaxxer.hikari.pool.HikariPool        : HikariPool-1 - Added connection conn0: url=jdbc:h2:mem:3f06001a-d2eb-4b9b-8316-41ceca930365 user=SA
2023-03-31T20:37:59.452-03:00  INFO 59841 --- [    Test worker] com.zaxxer.hikari.HikariDataSource       : HikariPool-1 - Start completed.
2023-03-31T20:37:59.476-03:00  INFO 59841 --- [    Test worker] o.hibernate.jpa.internal.util.LogHelper  : HHH000204: Processing PersistenceUnitInfo [name: default]
2023-03-31T20:37:59.493-03:00  INFO 59841 --- [    Test worker] org.hibernate.Version                    : HHH000412: Hibernate ORM core version 6.1.7.Final
2023-03-31T20:37:59.608-03:00  INFO 59841 --- [    Test worker] SQL dialect                              : HHH000400: Using dialect: org.hibernate.dialect.H2Dialect
2023-03-31T20:37:59.726-03:00  INFO 59841 --- [    Test worker] o.h.e.t.j.p.i.JtaPlatformInitiator       : HHH000490: Using JtaPlatform implementation: [org.hibernate.engine.transaction.jta.platform.internal.NoJtaPlatform]
2023-03-31T20:37:59.730-03:00  INFO 59841 --- [    Test worker] j.LocalContainerEntityManagerFactoryBean : Initialized JPA EntityManagerFactory for persistence unit 'default'
2023-03-31T20:37:59.815-03:00  WARN 59841 --- [    Test worker] JpaBaseConfiguration$JpaWebConfiguration : spring.jpa.open-in-view is enabled by default. Therefore, database queries may be performed during view rendering. Explicitly configure spring.jpa.open-in-view to disable this warning
2023-03-31T20:38:00.004-03:00  INFO 59841 --- [    Test worker] e.usersystem.UserSystemApplicationTests  : Started UserSystemApplicationTests in 0.996 seconds (process running for 1.477)
]]></system-out>
  <system-err><![CDATA[]]></system-err>
</testsuite>
